literal_llama27bchat_p1.csv
answer_from_gpt:i
answer_from_gpt:i
answer_from_gpt:i
answer_from_gpt:u
answer_from_gpt:i, l
answer_from_gpt:l
answer_from_gpt:i
answer_from_gpt:u
answer_from_gpt:u
answer_from_gpt:i
answer_from_gpt:i
answer_from_gpt:'i', 'l'
answer_from_gpt:i
answer_from_gpt:f
answer_from_gpt:i
answer_from_gpt:i
answer_from_gpt:i
answer_from_gpt:i
answer_from_gpt:i
answer_from_gpt:i
answer_from_gpt:i
answer_from_gpt:i
answer_from_gpt:u
answer_from_gpt:u
answer_from_gpt:u
answer_from_gpt:The model suggests that the answer is both "i" and "l" depending on the context.
answer_from_gpt:i
answer_from_gpt:i
answer_from_gpt:i
answer_from_gpt:i
answer_from_gpt:i
answer_from_gpt:i
answer_from_gpt:i
answer_from_gpt:i
answer_from_gpt:i
answer_from_gpt:i
answer_from_gpt:u
answer_from_gpt:i
answer_from_gpt:i
answer_from_gpt:u
answer_from_gpt:i
answer_from_gpt:i
answer_from_gpt:i
answer_from_gpt:i
answer_from_gpt:i
answer_from_gpt:i
answer_from_gpt:i
answer_from_gpt:i
answer_from_gpt:i
answer_from_gpt:i
answer_from_gpt:i
answer_from_gpt:i
answer_from_gpt:i
answer_from_gpt:i
answer_from_gpt:i
answer_from_gpt:i
answer_from_gpt:i
answer_from_gpt:i
answer_from_gpt:i
answer_from_gpt:i
answer_from_gpt:u
answer_from_gpt:i
answer_from_gpt:i
answer_from_gpt:i
answer_from_gpt:i
answer_from_gpt:i
answer_from_gpt:i
answer_from_gpt:i
answer_from_gpt:i
answer_from_gpt:i
answer_from_gpt:u
answer_from_gpt:i
answer_from_gpt:u
answer_from_gpt:i, l
answer_from_gpt:i, l
answer_from_gpt:i
answer_from_gpt:i
answer_from_gpt:i
answer_from_gpt:i
answer_from_gpt:i
answer_from_gpt:i
answer_from_gpt:i
answer_from_gpt:i
answer_from_gpt:i
answer_from_gpt:i
answer_from_gpt:u
answer_from_gpt:l
answer_from_gpt:i
answer_from_gpt:u
answer_from_gpt:u
answer_from_gpt:u
answer_from_gpt:i
answer_from_gpt:i
answer_from_gpt:i
answer_from_gpt:i
answer_from_gpt:i
answer_from_gpt:i
answer_from_gpt:i
answer_from_gpt:i
answer_from_gpt:i
answer_from_gpt:i
answer_from_gpt:i
answer_from_gpt:i
answer_from_gpt:i
answer_from_gpt:i
answer_from_gpt:i
answer_from_gpt:i
answer_from_gpt:i
answer_from_gpt:i
answer_from_gpt:i
answer_from_gpt:u
answer_from_gpt:i
answer_from_gpt:u
answer_from_gpt:i
answer_from_gpt:i
answer_from_gpt:i
answer_from_gpt:i
answer_from_gpt:i
answer_from_gpt:i
answer_from_gpt:u
answer_from_gpt:i, l
answer_from_gpt:i
answer_from_gpt:i
answer_from_gpt:u
answer_from_gpt:i
answer_from_gpt:i
answer_from_gpt:i
answer_from_gpt:i
answer_from_gpt:i
answer_from_gpt:u
answer_from_gpt:'l'
answer_from_gpt:u
answer_from_gpt:i
answer_from_gpt:i
answer_from_gpt:i
answer_from_gpt:u
answer_from_gpt:i
answer_from_gpt:i
answer_from_gpt:i
answer_from_gpt:i
answer_from_gpt:i
answer_from_gpt:i
answer_from_gpt:u
answer_from_gpt:i
answer_from_gpt:i
answer_from_gpt:i
answer_from_gpt:i
answer_from_gpt:i
answer_from_gpt:u
answer_from_gpt:i
answer_from_gpt:i
answer_from_gpt:i, l
answer_from_gpt:i
answer_from_gpt:i
answer_from_gpt:i
answer_from_gpt:u
answer_from_gpt:i
answer_from_gpt:i
answer_from_gpt:i
answer_from_gpt:u
answer_from_gpt:i
answer_from_gpt:i
answer_from_gpt:i
answer_from_gpt:i
answer_from_gpt:i
answer_from_gpt:i
answer_from_gpt:l
answer_from_gpt:i
answer_from_gpt:i
answer_from_gpt:u
answer_from_gpt:i
answer_from_gpt:i
answer_from_gpt:i
answer_from_gpt:i
answer_from_gpt:i
answer_from_gpt:i
answer_from_gpt:i
answer_from_gpt:i
answer_from_gpt:i
answer_from_gpt:i
answer_from_gpt:i
answer_from_gpt:i
answer_from_gpt:i
answer_from_gpt:i
answer_from_gpt:i
answer_from_gpt:i
answer_from_gpt:i
answer_from_gpt:i
answer_from_gpt:i
answer_from_gpt:i
answer_from_gpt:i
answer_from_gpt:i, l
answer_from_gpt:i
answer_from_gpt:u
answer_from_gpt:u
answer_from_gpt:i
answer_from_gpt:i
answer_from_gpt:i
answer_from_gpt:i
answer_from_gpt:u
answer_from_gpt:i
answer_from_gpt:i
answer_from_gpt:i
answer_from_gpt:i
answer_from_gpt:i
answer_from_gpt:i
answer_from_gpt:i
answer_from_gpt:i
answer_from_gpt:i
answer_from_gpt:u
answer_from_gpt:i
answer_from_gpt:i
answer_from_gpt:i
answer_from_gpt:i
answer_from_gpt:u
answer_from_gpt:i
answer_from_gpt:i
answer_from_gpt:i
answer_from_gpt:i
answer_from_gpt:u
answer_from_gpt:i
answer_from_gpt:i
answer_from_gpt:i
answer_from_gpt:i
answer_from_gpt:i
answer_from_gpt:u
answer_from_gpt:i
answer_from_gpt:i
answer_from_gpt:i
answer_from_gpt:u
answer_from_gpt:l
answer_from_gpt:u
answer_from_gpt:i
answer_from_gpt:i
answer_from_gpt:u
answer_from_gpt:i
answer_from_gpt:u
answer_from_gpt:i
answer_from_gpt:i
answer_from_gpt:i
answer_from_gpt:i
answer_from_gpt:i
answer_from_gpt:i
answer_from_gpt:i
answer_from_gpt:i
answer_from_gpt:i
answer_from_gpt:i
answer_from_gpt:i
answer_from_gpt:i
answer_from_gpt:i
answer_from_gpt:i
answer_from_gpt:i
answer_from_gpt:u
answer_from_gpt:u
answer_from_gpt:i
answer_from_gpt:i
answer_from_gpt:i
answer_from_gpt:i
answer_from_gpt:i
answer_from_gpt:i
answer_from_gpt:i
answer_from_gpt:i, l
answer_from_gpt:i
answer_from_gpt:u
answer_from_gpt:u
answer_from_gpt:i
answer_from_gpt:i
answer_from_gpt:u
answer_from_gpt:u
answer_from_gpt:i
answer_from_gpt:i
answer_from_gpt:i
answer_from_gpt:i
answer_from_gpt:i
answer_from_gpt:i
answer_from_gpt:i
answer_from_gpt:i
answer_from_gpt:i
answer_from_gpt:i
answer_from_gpt:i
answer_from_gpt:i
answer_from_gpt:i
answer_from_gpt:u
answer_from_gpt:u
answer_from_gpt:i
answer_from_gpt:u
answer_from_gpt:i
answer_from_gpt:u
answer_from_gpt:i
answer_from_gpt:i
answer_from_gpt:i
answer_from_gpt:i
answer_from_gpt:i
answer_from_gpt:i
answer_from_gpt:i
answer_from_gpt:i
answer_from_gpt:i
answer_from_gpt:l
answer_from_gpt:u
answer_from_gpt:i
answer_from_gpt:i
answer_from_gpt:i
answer_from_gpt:u
answer_from_gpt:i
answer_from_gpt:i
answer_from_gpt:i
answer_from_gpt:i
answer_from_gpt:u
answer_from_gpt:u
answer_from_gpt:i
answer_from_gpt:i
answer_from_gpt:i
answer_from_gpt:i
answer_from_gpt:i, l
answer_from_gpt:i
answer_from_gpt:i
answer_from_gpt:i
answer_from_gpt:i
answer_from_gpt:i
answer_from_gpt:u
answer_from_gpt:u
answer_from_gpt:i
answer_from_gpt:i
answer_from_gpt:i
answer_from_gpt:i
answer_from_gpt:i
answer_from_gpt:i
answer_from_gpt:i
answer_from_gpt:i
answer_from_gpt:i
answer_from_gpt:i
answer_from_gpt:u
answer_from_gpt:i
answer_from_gpt:u
answer_from_gpt:u
answer_from_gpt:u
answer_from_gpt:'l'
answer_from_gpt:i
answer_from_gpt:i
answer_from_gpt:i
answer_from_gpt:i
answer_from_gpt:i
answer_from_gpt:i
answer_from_gpt:i
answer_from_gpt:i
answer_from_gpt:i
answer_from_gpt:i
answer_from_gpt:i
answer_from_gpt:i
